0.0,0.8519102934224859,0.43219898182009997,-1.5043584941678485,-1.1770187057121455,0.8999217113057354
0.0,1.3902312064171738,0.4269188043680862,0.5559907099731186,-0.8848124779566041,-0.20393482082327122
1.0,-0.556228908678454,0.8764118018543238,1.1645798784761037,-1.717549429705758,0.7151251055668889
2.0,-0.4396331581313375,-1.5741426598960886,-0.1975170548747328,-0.41705201558985894,-0.022173965992118187
1.0,0.1752263567643261,-1.0902324372772236,1.6560803330816132,-0.015242689820894533,-0.11724718461220295
0.0,0.28338613930659867,-0.9455870334328029,0.6946919128994291,-0.3230919175613355,-0.5544814651163382
2.0,0.6258813636993256,-1.225401180333481,1.7356465361699294,1.0283289739031563,-0.3351431530399318
0.0,0.14913678224425836,0.3939964607954808,0.4233535609323385,0.5629978736940708,0.0342227067214685
2.0,0.3061756604754752,1.3061016359683544,1.4711176127326488,2.1556668450104923,-0.3619481446907079
2.0,-0.4699664718027395,0.6696053133162989,1.4106539701469083,1.0707658838588343,-1.4341084080231201
1.0,-0.6035966421958511,-0.9293404303624996,0.3832482697067281,-1.250316300693525,-0.12519959907252504
1.0,-0.585995530912574,-0.5644230206850986,-0.27746776898334113,0.05885509868159496,0.030638931966943398
2.0,0.7632488987296496,-0.46897770455592747,0.32549890957499006,1.0786141738990203,1.5925601817779707
0.0,-0.16968160478529826,-0.29361330743524283,0.383325794298753,0.9880483013394328,-1.1058124355383052
1.0,0.3877703142254941,-0.731738168667411,-2.282764006759687,-0.0882422204658572,0.12028326911138659
2.0,-1.367379891990669,3.635080408243811,0.5856241167045617,0.8224018897558314,5.020541534576134
2.0,-0.4969707598161611,-1.4590113542964431,1.4493149445511004,-0.686662422931845,0.5217434358518728
1.0,-0.3360224861874795,1.6167031476745475,1.5020173653640774,-0.9228853653505011,2.2349791258262974
0.0,1.4387167581298066,0.07958211249848386,1.209038044558029,0.932776365296904,-0.21695472232234844
0.0,0.9970607705119956,-1.0876836642191896,1.0354889857122695,1.9604250934280536,-0.1602349683062817
1.0,-0.38896594920244787,-0.704824965727242,-1.2098058100390796,-0.1748699432208925,0.18826968426451385
2.0,1.8583829969939851,-0.3501481117777344,1.9888932752223984,-0.7198144139509483,0.7788311144254328
0.0,-0.43194813840056284,0.5474677433647995,1.0386354251720393,0.5059221735428919,-0.5768972410652934
1.0,0.40159566855611617,-0.41884484364068436,2.03425221554557,0.41583682049434584,0.07619484248521761
1.0,-0.28813056464432607,-0.6151099623436921,1.3211308178574186,1.7314385025335985,-0.2206787671289501
0.0,0.31776401904183355,-0.2965940805440612,0.6041378582872493,0.4359332723365478,-0.6627403567966142
0.0,1.1172620886961468,0.2897452792893918,0.05127520218291506,0.2448665261074264,0.2796288000283891
2.0,-0.4181984556330121,-0.44136398766891427,-0.46321963613052763,0.22713381408758573,-1.150290590665763
1.0,-1.3529025092364841,-0.7380527088346605,0.12668620085784296,-1.0999376593384216,0.1927206571266316
0.0,0.2582187208058921,0.1822312835676654,-1.1447800182088246,1.3871750350220176,-0.6018829112578146
2.0,-0.1714089011642596,-0.6504048802301411,1.1219127302250549,-0.6731775253268665,1.2846294398472133
2.0,0.21160614482367585,-2.2271844244550714,-0.42187884300785183,0.214267574444293,1.4026728259331962
2.0,-1.050291954805073,0.20095045300506048,-0.4039908836348074,0.44720804371706835,0.9333046689340416
1.0,0.9177867800028122,0.4979498993759231,0.5959330238837858,0.021309091488585927,-0.4226351322178649
0.0,0.7668927447602328,0.10838574351532894,0.9596613110492961,-1.456806972689866,-0.4835442630720219
2.0,0.8558523512738718,-0.13431051589424964,-0.009878356945642269,0.04225799329874516,1.2234017119999043
0.0,-0.8301505284289171,-0.7513933019850416,0.6497638657198185,1.9832940322605324,-1.0955125139171793
2.0,-1.584678007724029,1.2689102711720528,1.0277171275261239,-0.9097082522564335,-1.4963157031150809
2.0,0.5860997880237847,-0.22745965653392894,-0.14085312893571822,-0.73406743006508,-0.7617441992388247
1.0,-2.0028155937530907,-2.022797636330137,-1.4572927837239424,0.9585913783781751,-0.3469029771877532
1.0,-0.138454685962451,-0.8588146114738693,-0.5741253999930528,-1.253663901793892,0.22887426669102423
1.0,-0.24030891860100106,-0.7107646513169249,0.39139890148161893,1.2164136643430836,-1.0429019480225044
2.0,-1.6965432136841652,0.7234881167148444,1.5828408211385807,0.6887541265142436,0.5033640779079519
0.0,0.07394038236654076,0.8812652289337807,0.7242322942363515,1.8320208305832417,1.1452684569233453
1.0,-1.0428918570473484,-0.41216416026838215,-0.2173634034737667,-0.30626760738335945,-0.9995156001092534
1.0,-1.7678386576441212,0.3639584588007162,0.15593707898420187,-1.532873735816797,0.07571364369769745
0.0,0.6774678259715519,-0.9020575163073375,0.20558308303388587,0.16013237148444529,-0.11151580016992463
1.0,0.35888036370678056,0.6184370509836105,0.2439018260409354,-0.411694867400747,-1.0118131433159756
1.0,-0.5197963091044696,0.11364777998533802,0.7120413557224885,-1.1488691528131614,0.23170263704291172
1.0,0.5496677361890382,0.300397055784547,0.47236064262591454,-0.25525189580980784,-0.5639338186213716
1.0,0.9828200614229322,0.45202557281551137,-0.8695914049923832,-0.8185987910458569,1.7491036150510804
0.0,0.5268184986741239,-1.1255148084573963,0.41479220509823544,0.4343947194978941,-0.7882494183048321
0.0,1.9985918128071967,-0.7446454246663038,1.1249094179132455,0.11612794719404289,-0.02226775577344543
0.0,-1.2274247972976124,-0.31141984903088343,-0.4282322755468588,2.0432874983739215,-1.5344643347647189
2.0,0.04050271226758334,-0.014698590096424675,1.5348818000572415,-1.1993096968015202,1.8216859698014634
2.0,-1.2100424786126174,2.286450520404001,0.9428286214158534,1.927094957016631,0.9645695322131954
1.0,0.2137627130393491,0.04996077417031146,1.4713206209406953,-1.6498521377411108,-0.9554364837404231
2.0,0.843716687203101,1.1145590929845706,0.9959268960530372,1.3622912387386445,-1.6091806694842354
0.0,-1.2728887635427182,-0.8672846464547703,1.752199832840544,-1.0221623534683963,0.17759471341714386
1.0,1.102952850543157,0.22127428388968098,-1.5272182010119086,-0.4770043576494284,-0.015647988968279767
2.0,0.3284421094875667,0.3417790989663172,-1.1152086120190434,1.2019628229289625,-0.9404760207804154
1.0,-0.8146675507678196,-1.1351578305728667,-0.6638392358841112,0.20719481570917614,0.20712550430195314
0.0,0.3543605144878839,-0.9527708464170731,1.3561090490420409,-0.30147961759937836,-0.6922658785651151
0.0,-0.5162776020040561,0.8663818433847373,0.5248857248605989,-1.4921363569547672,-0.10142506203566536
0.0,0.29043629039415103,0.06906283197308993,0.8304978310925046,0.004830425900181698,-0.47192524396666397
2.0,-2.828174388949287,-0.2283782882505602,0.8382511621826215,2.053527666389446,1.929336120633236
2.0,-0.3156454996832052,1.060796179912389,0.9325258994000509,-0.3968066742963452,1.6684024106943145
2.0,-0.683359692513263,1.5190970884736505,-0.9910956763900883,1.6895914493381952,0.21078203907846774
0.0,1.9938674927811944,-1.1798553120916067,-0.6541377814988468,0.1735883450216957,0.3255307821973251
2.0,-0.5261824018283163,-0.6599555555155807,-2.1109218274282737,1.524877793698934,-0.42669196006682103
