2.0,0.4138058021373606,-0.9581304045918152,0.7705275878512302,0.9483450528796147,-0.07294273780410673
1.0,1.2414836767468593,0.37910178827800656,-0.39050603958353264,-0.4003365868209014,-0.2120419956268817
0.0,0.5947409742088516,0.4650472912731224,0.16321162279456364,-1.581911076568832,-0.9157355707368672
1.0,-0.8620519882354128,0.01797614290096496,-0.29305510147307295,-0.058292978923331434,-1.1326522996003818
0.0,-1.143158800173645,0.18009150882592853,-0.5145399372212067,-0.8190969072785261,-0.4895088769906426
0.0,1.1651165275485555,1.1442576514277707,-0.4256879818998296,0.20712248901272262,-0.7472732883673633
0.0,0.12439440579341322,0.19840804551580696,-0.031273572532909785,-1.37820069424881,-0.5261136843611969
1.0,-0.8206666943059778,-1.3811491817823844,-1.2941382752797184,-0.48723119383960733,0.88128112127368
0.0,1.0250259173183152,-1.9703309808652327,-0.7059330297972208,0.039097163643374684,0.846572829784731
1.0,0.12975240643889613,-0.08513334699216975,0.58376482434074,0.09688075999094653,-1.2302381745980617
0.0,0.15087318138942118,-0.4078430089632593,1.0370963114768303,-0.19377712375908354,-0.12933177032301788
0.0,0.2009021519203495,0.3055929953269176,-0.3418516471892506,-1.1652328459422638,-1.2360767399894064
1.0,1.0690237733608858,-0.53445022889474,-0.0823259066837222,-0.4308803282604023,0.08326721569817701
1.0,0.1897098207384102,0.1689561330081914,-1.9194280532779364,-0.6780056874216337,-0.26277403088613993
1.0,-0.7026733799882552,0.771822293942113,-0.023262267844665722,-0.5908102058051079,-0.4014030486982749
2.0,-1.0425758818930269,0.7616833215970691,-1.3491825278640752,0.40512976602503425,-0.5145228775000485
2.0,-0.0122334426314867,-0.7861058723725072,-0.2986870543776655,1.1323564333111238,0.9974758368754875
1.0,1.4386859186611967,0.5618512962317065,-0.26813164871929074,-1.5380311631924453,0.10520978983879468
2.0,0.37495001522102883,0.6487526380290999,-0.4794719552357796,0.5825840010267408,0.592501082350362
0.0,-0.4413240783947353,0.8109491416544582,0.049896442534301255,-1.23944260167249,1.500445808230839
0.0,1.4628534953340435,0.5794421793456397,1.0325464487043174,0.598465480961559,0.20737286033774754
1.0,0.8092554434572067,-1.8128990251271708,0.1341198866769681,-0.5788113675681759,0.6885049657823231
2.0,0.2549744294059399,1.0345143738305669,0.2322861654277067,-1.4148704558682599,-0.8615817917758577
1.0,-0.6003613446604213,-0.8236536703783531,-0.18742965376508489,2.394113286843996,-0.615550842605315
2.0,0.5495572401432096,-0.713468957263152,-0.43174778899941535,-0.003935214084446305,-0.04297839606360643
1.0,0.22443179611037328,-0.29118806092501576,-0.08323422521480203,-0.5360960178987105,1.3683262386317505
2.0,0.6163960499976956,0.19173784508112024,-0.7612033011514189,-1.6072400521443337,0.3428920076524883
1.0,1.1576466569237833,-2.532140248839632,-1.4147092435534252,0.2919169297985388,0.7921776521767855
0.0,-0.1288744742928096,-0.22826524627513323,2.4904602613751563,-1.348404276132302,-0.9280436145521717
2.0,0.2731022871944234,0.3410128343100017,1.0018814079130594,1.9397892431297648,-0.11983932057986944
1.0,1.0376935797828266,-0.3484559551642308,-0.8302124388151912,-0.6108511385052006,-0.32223046231157726
1.0,1.1611711917072174,2.4262284851713636,-0.31400796240647955,-1.4989706915540795,0.5184232393117962
0.0,1.8186260821567284,1.1441995711276536,-1.8010296299593336,0.35693537237803835,-0.3939470739644244
0.0,-0.5183262429575058,-0.5423584450631508,0.2876793378059198,2.244235575085707,-1.2906939897109357
1.0,1.0949675282594071,1.5074157090157994,-0.6938487640992386,0.05503196498987311,-0.5746392605963054
0.0,-0.6831185950822072,-1.0145536311334011,0.20726173300486342,1.483137959476839,-0.7444482739914783
2.0,0.632654460172501,-0.2387006995950881,-0.39734703037720726,-0.12296030850008209,-0.2794981021748716
2.0,-0.41773691809715824,-0.1541678414757549,1.8805769599983995,-0.8115321603115301,-0.6313498663071712
2.0,-0.5139807132456162,1.786926798261798,0.9865322114634291,-1.3636005208985111,1.070169573156613
2.0,0.9173873545693587,1.3484350643844367,1.5379082585844814,-1.4535463013370586,0.5921694695191095
0.0,-0.6911087014410949,0.5481117018869196,-0.7190195492830934,0.39089021616109776,1.7121407910268263
0.0,1.2381193690131174,1.9998963231018232,-1.143631302052737,-1.66598737813987,-0.4323932507467411
2.0,-1.2011954710572244,1.4279893943752313,-0.1645102927081837,-0.8494991756542358,-1.9136071753624415
1.0,1.5558110381116683,-0.6796980288000505,0.2877658599511263,0.46625435785756764,-0.12717289098450593
2.0,0.779775910514176,-0.2861667897162393,0.0378434798984915,0.3044463340950225,0.8142871851918145
0.0,0.7062494796170113,-0.7814913251211328,0.25267218496546295,-0.5039285149765013,-0.021877210820177167
1.0,0.3488218034153063,0.7012320376454029,0.07602952141788695,-0.09997020490213981,-0.9730356732241795
2.0,-0.8212872905331278,1.3428142043323346,-1.3902146622001468,-0.4959868568304139,0.019590528796436888
2.0,-0.7166860373868837,-0.6853052344095154,0.4527570542566462,-1.2176294700733845,-0.6079932692822042
0.0,0.6460184831202895,0.2885607727090587,0.6243623683661412,0.6576901600605399,-1.1136949840085077
2.0,0.7304184234388643,-0.4831572524344841,0.8842982481779118,1.0615615133295027,0.5601759334192459
0.0,0.24348607930331628,-0.03768196762556056,0.6051448605548688,1.0134954748496978,0.35990287085724376
2.0,0.21053105349522025,0.07864160742824783,0.16747742018379735,-0.33520994202343035,-0.3494951435246459
1.0,0.933952233605769,0.024839885392209948,0.6786958071022853,-0.6008443456847941,0.8036072003512389
0.0,-0.2248493840857441,-0.15957076390405842,-1.70554259480844,0.8050868127012125,0.5867937035960039
1.0,-0.22864972762541216,-2.387897230998223,0.3484452930839307,-1.0527445254036523,1.0373899459045617
1.0,1.0909665939919944,1.987951466157561,0.1588345219127017,-0.5054044404322009,-0.28312057381052336
2.0,0.2709421557159854,1.258155745550567,-0.0808447123329553,1.7671997718136878,0.13286369048065746
1.0,-0.7579265997228037,1.383652531951214,-1.4655711769653417,1.848351290324191,0.8488173215311436
0.0,1.1443377655612734,1.9058673379109037,0.5828351821663508,0.8343503141934736,2.6761330265841563
0.0,1.5731663269792477,0.2641430863843435,0.45857479839417353,-0.4653601930636151,0.12853906816999291
2.0,-1.9365947727089805,2.5756092425123627,1.0892840399987078,-2.229493301980487,-1.5976402934711895
0.0,-0.7874237205601139,1.4999978582067,-0.903480106906098,-0.14857409745774708,-0.711687574741445
1.0,-0.4043180097393672,0.2455505624647068,-1.2073217257472018,0.46937285406571644,-0.4202938325593764
1.0,0.572723563267577,-0.8413671091727531,-0.2004299654370573,-0.541326049626242,-0.5729425149272424
2.0,0.7768798320805299,-0.08726561694773889,1.034297432659499,0.7165100658164225,-0.9534460194668086
2.0,0.7026698731846535,1.3212176988117648,0.8371047730587042,0.4199484530815484,-0.23842387399883713
1.0,1.863816540664411,-0.4195663707486771,-0.363773786043801,1.2906719811515486,0.8620470841025858
0.0,1.8418958241575967,0.5508954577140598,1.4667820230109063,0.9638371267668396,0.05167355666828635
0.0,0.09489877914515746,-1.0549539741680811,0.9743757324509348,0.11604931808021812,0.2427451479616656
2.0,-1.3159058540844013,-0.6274380904108302,-0.26966528526308653,-1.0627422811062879,-1.1054215768314424
2.0,-0.35230944417481624,0.2405952025511422,-0.08442227533181755,0.017809392454460848,-0.7348221311935056
