2.0,-1.351618391702199,0.5982131559443616,2.2651293964064334,-0.09094545308614345,0.022834036929071135
2.0,-1.2758102122644925,0.7843194673748217,0.3350360151908505,-0.3454708478079623,-0.9141246175274124
2.0,-0.7105872166839214,-1.4360342388533496,0.33216577724458796,0.022191007372494954,-0.7497559918315411
0.0,0.6645187676020654,0.19409082515711115,-1.8978590923345307,-0.2735625200461387,-0.5104621618426551
0.0,-0.5808003734528863,0.5458381564093662,0.9505128022224278,-1.3288397948040833,-0.5495800930762619
1.0,0.3347424180974983,-0.05948938068349869,-0.7648871826512748,-1.4172913837401533,-0.09957895415540394
1.0,1.09122999040598,-0.052815016987567735,-0.6492544746652016,1.3778541570923182,1.2195807220210435
0.0,-0.28658210309864196,0.0009549635141335121,1.1321835871420605,-0.6323726117442926,-0.7641055563745685
1.0,0.8084081365913032,1.3916706778494603,-0.013608503029460322,-1.3762075303417494,0.5596848791843977
2.0,0.27370261604827534,2.222629873380834,-0.2751406401529362,1.5100562065112357,-0.413804069110113
1.0,-1.6544545181485297,-0.3837803824067705,0.48577549928469116,-0.8032177517307841,0.3040117610844308
2.0,-1.0409098540429418,3.746074790674625,-0.7173420815318761,-1.8377789772638944,-0.923580659917166
0.0,-0.47477164983036085,-0.45035713150678736,1.9077231238398964,-1.6268012573769257,0.5486264133022305
1.0,0.40794290697929875,0.30948586347094287,0.8780435274796283,-0.08655179379904344,0.743598869408639
1.0,1.1589385801574639,-0.3293898013641838,0.4124683568686536,-0.6445269641084326,-0.7388387443453295
1.0,-0.17166381640212597,0.5716289238582772,-0.3736618038032312,1.231452223295661,-0.41981127496148307
0.0,-0.9525431226752348,-0.5725080317212543,-0.670322699414189,0.6148308696612318,-1.242914710832583
2.0,1.2192402396869852,-0.45291585362810716,-0.7706949330846814,0.4227551573156475,-0.08931908617632424
0.0,0.6316292102644834,-1.0637462579130696,1.0321117908435657,0.11931357262859246,0.12013102929690153
1.0,-1.446382128988555,-2.0406178367908874,0.18868949970842144,-0.5153868367780382,-0.25649354345815273
1.0,-1.4741156930944717,-0.3310600868447647,0.7626726623267229,-0.35918675618110035,-0.2899816530063578
0.0,-0.45513175806316347,-0.4696733554773908,1.208689757502875,0.8698141836638503,-1.066684322200318
1.0,-1.045215669874095,0.12277582410694945,0.08869387471505324,-1.31264275920458,-1.1097723416324066
2.0,-0.1606368700446776,0.39860133106960716,-0.526102515626003,-0.3354986399933674,2.3088698420268314
0.0,0.6028164977130299,-0.018764792883231806,-1.5998496902767627,0.46792249383956686,-0.35679653811053536
2.0,-0.7189434505913327,0.6090849671169654,0.01255468881890013,1.599562495680986,0.7788203682953673
1.0,0.7312867106237868,-0.6551880684927023,1.1159786618748377,-0.12582482562894784,-0.5339331269759907
0.0,-0.03399633759389154,0.22508259649132598,-0.9964309823268565,-0.8878648405934472,-0.39108642537815996
0.0,0.5444555439357511,0.9110554392848128,-1.8433343709444592,-0.7268908290716124,0.47936659432152595
1.0,0.283618294175499,-0.83667761335857,-0.24959612743628212,-0.2835688145397282,-0.9668818608396678
0.0,-0.33133096209367413,-1.4141569792579567,-1.3517664411757042,-0.6533009120470091,0.9918645905371616
0.0,-0.15370842326026868,-0.41098722695624995,-0.5490655988733327,-1.649991696404052,-0.18121020720190226
2.0,-0.023978551509530835,0.7244262491099287,-1.0113798090816923,0.5113948645781446,1.2738518849338965
2.0,0.07819485299283545,-1.055587396661194,0.6492715990418819,0.8692535304998819,0.42659555571580354
1.0,-1.3782412453871082,-1.0641916510698806,-0.673419905851263,-0.5961594900180037,-1.0418877420595185
0.0,-0.14112045309948473,0.7934972684415789,-0.4028097670428492,-0.7865676031754071,-0.5640040321348515
0.0,0.692383222442596,-0.33099133554505306,1.262322010291874,-1.2450694955721056,-0.012675094938625675
0.0,1.1302676617581267,1.3102324577890003,-1.0251478590756973,-0.273706561517854,0.7054548278507721
1.0,0.14497074457338927,-0.8741096984568429,-0.4819161456976286,-0.8266038739205884,-0.7814779879772644
0.0,-1.5982436768482133,-1.8237757386486062,-2.534196054093525,1.3681104846837946,0.2734237281672808
2.0,1.1802643643672068,-0.1475446441035283,0.6256315573705039,-0.02954292626508968,-0.1808140021311798
2.0,0.5718403840767695,1.233133489529083,-0.8645360420711676,-0.3626788397648711,-0.30723172168065366
1.0,0.17025212802759085,0.248705104822523,-0.5745498417683543,-0.7607481533445615,-0.9845283076858671
2.0,-1.8510281758496518,1.4747054898779235,-2.0243035467373343,0.4451119260804631,1.5992925568365028
1.0,-1.4212369110862615,-0.2957552081108014,-0.8865709149755802,-0.6445449504651309,-0.4966660097497204
0.0,0.6461088944077582,0.09784989098864472,-1.7164321566130014,0.3227593832140976,0.9062569249776645
2.0,-0.5216011519524296,0.6536971483366794,-0.9948885175103273,-0.02419153313159882,-0.3178910121566603
0.0,0.44453442408614896,-0.13463176538811203,0.637656764153859,-1.613642456213117,0.6513711031500267
2.0,0.9125447679082365,1.0559847637363595,-2.2332981635881746,1.3461960621839497,0.22144707401085292
1.0,-0.25260251227880354,-0.0071877237447852136,1.06061891374104,1.9289915111360898,-0.6322973444017952
0.0,0.10347018844064043,1.417236430293018,1.8992850557567036,-0.47183629061710536,1.2027509011931363
1.0,0.7521799910371163,0.7814709026018749,-1.2761043988684038,-0.9785234866260212,-0.7960887086185092
2.0,0.21585016112778596,0.36680434008092144,1.7600856593402434,0.7918825070418232,0.9970457626665613
0.0,0.17316495709289378,0.13641954859452352,-0.745317010083508,0.17753663955759438,-0.8984903442501124
2.0,1.3807304465125994,0.6990355099310255,-1.7322712784899164,-0.32074458233494085,0.10984653877776285
1.0,-0.03358390203895384,-0.35676113243333085,0.7760284271320829,-0.055906795217233615,1.2293091288056568
0.0,-1.2222186733364575,-1.0228990655901529,0.07415893206520849,1.2810899744020314,-0.6539004482029832
2.0,-1.0854488759638095,0.5590572452904339,-0.07659184154679191,1.1398955509129527,-0.02495481023680913
0.0,-0.19361923148975446,-0.8366804791891141,-0.14664140702967046,0.3611901268402532,-0.6183514687542985
1.0,-0.2036333206104578,-1.4102103687621779,1.6063065849988127,-1.4733781233041243,0.3462960325339887
1.0,0.10595923301425562,0.36208399365439875,0.4677477231369565,-0.31291973547883306,-0.37414194720837757
2.0,-0.2779383765415745,-0.6438574730680803,1.792315729204048,-1.3392633140229593,2.3283644617028196
1.0,-0.24706686410671047,-1.2053622942744069,-2.4609509548533266,1.4870819700355982,0.6381717221588649
2.0,-0.916374448077662,-0.2033300595059044,0.2401659762106066,0.7372760589551606,-0.14715088155361436
0.0,-2.249468999850228,-1.7495526205358227,0.1562604437802169,-0.04233651595749083,0.05768170832238077
2.0,-0.24720786034373635,1.46954531905749,1.9187653587334261,1.3722956154013382,2.0211261228853044
0.0,0.4824544937930005,-1.6829626092363212,-1.2571948046056085,-0.4069566463998089,0.34179802861491304
2.0,-0.159603032052082,-0.34976373151962414,-1.2921055775513646,0.6729177314466938,-0.4052815563826802
2.0,-0.07952698698501605,-0.31294022760164986,0.1487900915154331,1.6498154408645607,1.652363253548677
2.0,-0.5585685362661537,-0.017810388132570912,-0.125836057038761,0.2804566680137152,1.3866809296029015
1.0,-0.22877927518538024,1.04529260584307,-1.4533565892222533,1.3774068342480976,-0.21792413838367475
1.0,0.8337251434524854,0.6416767021566334,-0.7241970956969099,0.15649736289999694,-0.6984030001801549
