2.0,1.0921121431028933,0.8019238121940043,1.9214204102262908,0.49664262696220524,0.24412041235153045
0.0,-0.6315882639144518,1.739515192618274,0.10213147771195183,-1.0404010145901939,0.6460609200652508
1.0,-1.4631835394521844,0.7118352236330163,-0.8879644067946213,0.1949053230115998,-1.2250289581140466
0.0,-0.0032697041495654802,0.45170757975536063,-0.526615543684734,0.22791247124623779,1.4444744996839018
2.0,-0.34643683181630885,0.26260859956126453,1.4517413159108614,0.5779972971007598,-0.9433034678333001
2.0,1.5743005472032325,-0.6966136811797673,0.7286430104104,-0.5052567463989691,-0.2395025914178368
2.0,-1.2269088115068336,0.710722029527932,-1.446493974362338,0.14202454439278095,-0.577871183557435
1.0,1.5373872362155143,1.3292894653331047,1.2747442519611176,-0.05693398366822089,0.7878178479304977
1.0,1.9494058712557867,-0.5785860345277388,-0.9874239700805698,0.2985072409260953,0.9488525406629789
0.0,0.3340444463076143,-1.2902858063357805,-0.2765479081427569,0.4622604245278427,0.34807306830371554
1.0,1.299577023715421,-0.2982608918241332,1.2662696301040957,0.6080488370432418,0.10091948211231248
0.0,1.0995341285373388,0.06586803815352058,1.1581319670098145,-0.4040650990798426,-0.40296706617889194
0.0,0.4821807772272271,0.17398899660964529,-0.11971769832411891,-0.7091018444726555,-1.0173317554474082
1.0,0.6339870396724421,-0.9372610050434418,0.6054685573751898,0.2763867152075834,-0.5008888637902967
1.0,0.4874143123434083,-0.5444101540417013,-1.2728492359857524,0.20509340505779586,-0.7838307625223311
1.0,1.914798121780917,-0.05260030512962972,-0.43884050531254754,-0.635878232615055,0.07465481516386643
0.0,-0.054180299075548895,-1.3183978698855268,1.0095464016199314,0.04930348969315453,0.09736011869075535
2.0,0.562575804912585,-1.0540772997363614,0.5926002666935568,-0.47583764473578477,1.1356150006968573
1.0,-0.8497048882580372,1.2274762603016098,-1.412534683774446,0.8843379052900824,-1.4474709476469465
2.0,-0.7208869898300687,-0.30133728160434586,-0.6560868009714144,-0.05330606406815339,0.4355739221291864
0.0,-0.8729439799602681,-0.10417600106109044,-1.3730442747142015,-0.709215789600062,-0.8710534596514266
0.0,0.7182636349274626,-1.548390889547329,-1.0328503528858535,3.0227655584660016,0.5907113777378886
1.0,-0.3774957726058233,-0.7676649523823184,-0.24642165698849772,0.9739858810325496,-0.7092373233135265
2.0,0.04815598501495827,0.44430705848501334,1.1425071761435797,-1.7423458780643346,-0.4060172550243535
1.0,-1.1179470317010503,-0.5534613089498712,1.3429243605571055,0.2796265299584758,-0.10843215444077825
2.0,0.06968474110213528,-1.2380939304045295,-0.8597617412500222,-0.08178384005977553,0.6784842185275057
0.0,-0.2484623481108075,0.49941374771165903,1.3859388308361484,1.0498568574299727,-0.029268904583952777
2.0,0.4587914180729302,2.120548897796094,-0.9819630366374907,-1.148801495301161,2.604694049958043
1.0,0.7018152239033498,-0.17416559851067936,1.4811461817649645,0.6823856194782412,-0.5245583375734634
2.0,-0.8543645724475099,0.07979369131829323,0.5408344534960382,-0.871627260651095,0.2319244765598601
1.0,-0.8740185010067394,0.7612436946841534,-1.1351732623012236,-0.025041082644052234,-1.025150423504375
0.0,-0.8666801029925844,1.2074676930583672,0.34938148368517,-1.206809112602593,1.550085194060914
0.0,-0.9655734337863702,-1.2111680506508993,1.1007155013149486,1.071309778390839,0.15410055468009473
0.0,-0.13656319558880914,-0.06405292919949651,2.244153160827174,-0.5403123081241281,-0.5946654989008845
1.0,-0.1809945141230523,0.822257799696628,1.4021947620379949,-0.33904992184512894,0.32581074289146916
2.0,0.10224508846700897,0.08014573061992857,-0.048910866149916125,-1.1840596718312242,-0.2824016856309973
1.0,0.21804978154767857,0.0066619180454400495,0.1290555943618106,-1.0766712694231106,-0.815894886559211
0.0,-0.2541160218357781,0.2656952600538514,0.764773700237497,-0.6900999221188839,-0.7060593730636809
1.0,-0.23283285818115457,0.18039749664371726,-0.9755199277016816,-0.6267417582076056,-1.2828544508456257
1.0,-1.18319929680271,-0.3219212394481125,-0.10880139363160453,0.7085770981197295,0.03615941465214578
2.0,-0.06885971034106528,0.6056346860415003,-2.7974671300632896,-0.490091212007685,1.2267747717265423
0.0,1.1464496493816345,0.15487119949685516,2.3159384308207667,-0.7245418852662282,-0.6896455738819832
0.0,1.2323365443746193,-1.5526361646217512,0.9694436067095643,-0.24514193501774784,1.0301998994388428
1.0,0.49217234035462704,-0.815374470531282,0.32256391008407304,1.4029163691341497,-0.3952927334712686
2.0,-0.12705086908100946,1.2753268418210413,1.0064099339681336,0.828523473057969,1.31187275270047
0.0,-1.0386204100398864,-0.20370931373433782,-1.4093233861900671,-0.7030794120465123,-1.1466195486572017
1.0,-2.1171226933159697,1.2662595696140555,-1.9643171243993063,0.28294728536420527,-0.5252669962805553
2.0,-1.1548951307723059,0.2940037225272775,1.854598481090035,1.8199248351348682,-1.2634442528633907
0.0,1.5968586983638653,0.3021997908300485,1.4536091183025062,2.2429895701892346,-0.8801379081737367
1.0,-0.5316622606698314,-1.5215588621044436,-0.18347671293127155,-0.6823269256141355,0.7105397256044398
1.0,0.7710640420371082,0.8468685746009653,0.4775930727478636,-0.3448143048589523,-0.46597742715472573
0.0,-0.2468720687271685,-2.21762960190525,-1.2525206960265824,-0.8317053733535943,0.3008595526380845
2.0,-1.8194227187795506,-0.25497311374142434,0.7817827426518424,-1.1481818992552906,0.7205107410745604
2.0,0.7121552192591463,0.6030577478052523,-0.08556099972125167,0.2229707795896572,-0.2648517928263188
1.0,-0.21217940771912452,0.5401404748981781,0.32092857494012883,0.050742034932909866,-0.6334355717011416
2.0,-1.5771317465981685,1.2524137340508887,2.2572758988700015,-1.9091566134165598,-0.4803864832074987
1.0,0.863750079765848,0.3750663610270355,0.07618643814819576,0.3939902529028086,-0.7821834251667529
0.0,-0.667359167212808,-0.536229077319987,-0.7843875669980815,-1.7396790976562004,-0.0727490650513875
2.0,-1.547461514395871,1.6928001658610985,2.973617696070531,-1.4884780475853354,-0.7741848267000386
1.0,1.1495851190980384,-0.14441862906692968,-1.2365295074130165,0.06686629865251593,0.6599399558298056
0.0,0.9703845829838788,-0.7988706019561134,-1.1335875744864228,0.43428081961863246,0.27704136943540586
0.0,-0.13261862820274986,0.41127663791526153,0.8922713416693958,0.9244320982341189,1.7619208534474222
0.0,-0.894545347776753,0.2950389880508613,0.9963521896520919,0.3490893005664228,-0.9970205618938274
0.0,-0.29048166568971046,-0.013609045392733748,0.6534545656915155,1.0118295161288076,-1.258069158155727
2.0,0.880917723815503,0.5884205518923552,-0.47804506748938613,0.07012874493645484,1.0893743694364555
2.0,-0.221285980282322,-1.0933076407555402,-0.9737377537777164,-1.0508185481645493,0.10513577023260222
2.0,-0.812499217540689,-0.15368131483298147,0.9720393578596076,2.3991841355033827,0.6114854760120156
0.0,0.4816348455902813,-1.2156681719906224,-0.4321119111995917,0.4506588047120642,-0.46281811396021005
1.0,-1.5577279723222996,-1.1518924937299158,-1.5662598424589729,-0.03690326170931154,-0.9379374583012495
2.0,-0.7303913452237268,1.3429106365733872,1.0681822943399963,0.42879986922714686,0.2502706128541771
2.0,1.4246351982795475,0.4664181602245943,-0.21065668051653677,-0.22184252331688833,1.6982775712663385
2.0,-0.5959167567627136,-0.6717750836182362,0.0477809667900207,0.9506014895385052,0.2541954601041872
