0.0,0.7038356852384181,-0.6665533993414854,1.084347651809221,-0.1166201819056335,-0.25796844146816666
2.0,-0.024076921662114212,0.7437694220227217,-1.4881693290012388,-0.7518223097086529,1.8939949215993954
0.0,0.7699843206964122,1.2428557638838806,-0.9491586925936144,1.937793038138761,-1.0652034054300705
1.0,0.15579582060099562,0.6800052984801529,1.0862277378337808,-0.56650227918294,-1.424307808570562
2.0,-0.027929365377406843,-0.4272082348878794,1.7621843686303078,-1.1248571975483834,-0.16898292212388097
1.0,0.2715038702166566,0.03648347054258858,2.229825646436787,1.2846117790054983,-0.08208273487335721
0.0,-0.723581387545423,0.22783141633837653,1.0003560520293269,-0.9189844936909701,0.07847921387381708
1.0,0.3776219854142184,-0.16176702774553628,-0.45755518153948327,0.4241364604600622,-0.9637119171663672
0.0,0.10158041629074602,-0.02757892862973143,-0.2956434618346359,-0.17772860510700858,-1.15060492512666
0.0,1.149446146662702,-1.61566523110051,-0.17522562786633042,-1.1578853687742396,1.71667046148236
2.0,0.7425649016558588,-0.47030298368187173,1.015833865423571,-1.1911583155282424,0.09777334937027758
0.0,0.13640112255034026,0.049372903704148055,-0.2504640279968178,0.10154031904140357,-0.8060175279188382
2.0,-1.0724901053616134,-0.9256400682710274,1.1504397782419098,0.5097393297521183,0.15758276928157433
0.0,0.0751746976433894,-0.02549912931305778,0.6140696801377724,-0.4438660084740624,-0.5638575396371595
2.0,-0.5932875142322391,1.4610659117372014,-0.45776147393783667,0.316779655894625,1.508737118169854
2.0,0.6401349191827957,-0.1670634595796394,-1.1643121759319819,-0.1920326910177953,0.21133341285998453
0.0,-1.0158015340085325,-0.5427243746454357,-0.15037627593432365,-0.8976228913264971,-0.08537184119645419
1.0,0.32111617857970837,-0.09449624657573433,1.677791384247121,1.467929444423119,-0.44506351106610176
0.0,-0.6826022889432838,-1.6413759122611982,0.7481271701721797,-1.0545202832486678,-0.49363464289052866
2.0,0.3307616506751426,-2.2675893315038946,0.23934514380000316,-1.192659453446048,1.152536748691166
0.0,0.8814867981176912,1.093911937972234,1.027062910282525,-0.4879735321040726,0.7451867417562459
2.0,-0.1989269152043995,-1.2155945133727686,0.9545446530737156,1.3593605614237703,1.682578117302164
1.0,0.48138726446886526,0.857130645816701,-0.5522729766234611,-0.4603115275203635,-0.5666026148133742
0.0,0.15314634054839926,0.4032907428315769,-1.1046437949129442,0.805927254734195,-0.6229228334783675
1.0,0.49130743225405316,0.35825736553732584,-1.1064595216855901,-1.111768445332295,-0.0044309870912780675
2.0,-1.377572450346132,0.3015553588231325,-0.7492957257475495,-0.9175912127979373,-0.4410109130536283
2.0,0.07774626695678007,0.5533261439504313,0.6396952048499207,-1.1406583023220702,1.7443187831503824
0.0,1.271205732908376,-0.47275887786105625,-0.17843679632373027,-0.079119020813074,-0.575174141613067
1.0,0.15524174949179823,-0.18246469900984594,-0.47788432351915766,0.5666279768871463,-0.4350315973590534
2.0,-0.05176136566108414,-0.2602245639771178,0.4501919835053363,0.17908085378522104,-0.7185699736398647
2.0,-0.9958094551930249,0.10941351166958155,-0.3233897817570167,-1.316384019029169,-0.7727900121989896
1.0,-0.5098445589192304,-1.3187175878105963,0.3515544350666497,1.3758938218784393,0.5486937446647091
1.0,-0.9652731088725464,-0.2680948986110775,-0.1288468710912029,0.4608432433237753,-0.9338068431076758
1.0,-0.8040762450183067,-0.6266748418623302,0.02041815929526135,2.728708847447876,0.7008399706252484
2.0,-0.329979958248899,1.1494108201273088,-0.8413284409697285,-0.6442332298807582,-0.2025866675838396
0.0,-0.8350992424557039,-1.8349711614429542,0.5176379936176062,0.6441812665394356,0.052797704506665995
0.0,-0.9496333703568183,0.31646109121560007,-1.59191674747294,-0.14877487408979143,-0.9160869697986886
1.0,0.007035063281047619,0.9158488763278747,0.16339978836573266,0.3344855774380907,-1.4423182280458688
2.0,-2.4301988350648442,0.07198294335632352,1.1435866797325889,-0.6182680736913367,0.44461245239062547
1.0,0.0234482712960688,1.2483066756239902,-2.0986724168439213,-0.0026551394741791646,-0.17374792820516985
0.0,-1.0831631514776883,-1.496402316965942,-0.9328315750249989,-0.48281191442772725,1.0733804694909836
2.0,0.9444766954008502,0.1143696140033319,-0.32598347124307125,0.24885911883272288,-0.9155046070153929
2.0,-0.7518177964496594,-1.452855538888535,0.1049125211116641,-2.3594671396126747,0.5303124951522892
1.0,0.40651618037756515,-0.4493055044230122,-0.8355943654797389,-1.6975328122872155,-0.26472115183697026
1.0,0.6481725441351556,0.8095214628828329,-0.7958397979111836,-1.421012988880424,-0.29446093830845926
2.0,0.2410379948263205,0.32280200954226723,-0.2589790746901347,1.0114284730402179,-0.5572762752981271
2.0,-0.38477884557689856,1.521691036094439,-1.2092544039829085,1.3412266024206039,-0.5514844765625676
1.0,-0.6134811224229361,-0.6372638424187221,0.5245335057848831,0.14909311030482267,-0.2858202825539368
1.0,-0.38841453350314664,-1.054736992545032,-0.9481388533296161,-0.6011922711103513,0.5024566051616244
0.0,2.209813328046177,0.733869043552527,1.9595429181154644,0.2497980540319959,-0.2410144415161354
0.0,-2.0387735603785977,1.5309366508160587,0.5059419313507153,0.45143905752391555,3.1276588415952418
0.0,-0.9132215511117352,-0.3650528329787517,0.8736848336359859,-3.5070521310421605,0.5852791512709521
1.0,-0.19584251584243106,-1.0922058874773535,0.44417852022752186,-1.0484763686266578,-0.30622622453027015
2.0,1.337268220590195,0.8991423625083041,0.017174123794161066,-0.7268827739214511,-0.16088474721918394
1.0,-0.15788752047267102,-1.0446243716838388,0.6887178644101615,0.46241774837230043,-0.17534345808336788
2.0,-0.9047446110704637,-1.0616388044305842,-0.3829608531810881,-1.6377341732771427,-0.05659319419498973
1.0,1.1643343405634283,-0.3105213335075402,-0.060936091289792355,0.5985563353631644,0.11690386241379078
0.0,0.6919500845181039,-0.3703250737091052,0.9089828141985953,1.828081759558544,-0.9470452963747293
2.0,-0.07936476853427891,0.4567774056302224,1.7488204734660897,-0.7328887659510923,-0.8424094408956756
1.0,0.8661020579142289,-0.05152442959794944,-1.0921422973111277,0.135575402585403,0.376405006918001
0.0,-1.8490758453680594,1.773954349212075,0.6442311709215442,-0.33774349393342334,-0.6808124395417192
1.0,0.5221315610175521,-0.2760679681476505,-0.4375024774962169,-1.5295178495611432,-0.10337807564878354
1.0,0.11424410116055853,-0.10686869067584462,0.6371347357652063,1.305149377681449,-0.674916744603587
0.0,1.0579933386964382,0.8539681307204257,-0.7877396437704344,0.43190812486946684,2.307584624270245
0.0,0.37311863231622555,-0.7525449273669312,-1.0724564082822574,-0.3588087597989753,0.8455507418720963
1.0,-1.4805040129738671,-3.3734957754516017,-0.0026482837425137,-0.8000153765411736,1.648594629375757
1.0,-0.4024480980351898,-1.016016232441816,-0.21600520255010058,-0.6696670463667788,-0.7468419301060275
2.0,-2.039436634895945,0.8219536186605594,-0.07680321039521172,-0.3804948887458786,1.9233495053911422
0.0,1.333078241183924,0.356028042920983,1.5865206642202652,0.47271119825971813,0.1990268677454774
0.0,1.0922433070543427,-0.10824413080455882,0.383444183595579,-1.0155908224300594,-0.4328791223471488
2.0,-1.890086380673641,0.6728239232033532,-0.4190741804428503,1.867003301618885,-0.8270334150164269
2.0,0.43059926446671953,0.6455780931517656,0.5535076093554684,0.5374616767796606,-0.2079484573054869
