1.0,-0.145913702775782,-0.24451083351262684,0.23254585992924343,1.0635719506204995,-1.1055585494983546
2.0,0.6637003589754905,0.555042206901391,0.2507271641388085,0.6916754931242552,-1.5727351468375854
1.0,0.993573409067228,-0.36656647913065166,0.22242641817566075,0.3352857446516524,0.4135782801587507
0.0,-1.8296392295623198,-2.4242333858613097,0.21526240155587706,0.22561147917295052,0.4030607854657675
2.0,0.3016542421056108,-1.2393753556267488,-0.12432290121213975,-1.0118607291751989,0.5948550100827191
1.0,0.30751876802822337,0.2827883823171284,-0.15704097292541175,0.10549190155537701,-0.7693073134039533
1.0,-1.2765911790507938,-1.7060872223554846,-0.11840259176975111,-0.23570487260381992,2.12525099686494
0.0,-0.4567638855651992,0.8691208335685489,-1.441213559905818,1.3445131965091646,-0.7741450799020176
0.0,1.0913200709876436,-1.0161753871442702,0.9982133647373057,-2.305665947278848,0.5589341963835331
1.0,1.3507114289463047,-0.3670355787770108,0.8463215636307282,1.3939996020251115,2.8860913244797515
1.0,0.1671952126725173,-0.494006879905542,0.14146419901809557,-0.19135977243878002,-0.007832707882058284
0.0,1.195514908500984,-0.3730408541117322,0.4031690268332618,-0.4842288417480722,0.9614603219816279
2.0,-1.352279786508585,2.79588647020344,0.7708788146697271,-0.6227572848773418,2.486009813372652
2.0,0.46520600769301784,-0.2556926831389553,-0.23101864507014833,-0.6561769662298443,0.4911357980524461
1.0,-0.265672947591351,1.1148964096366791,1.0067862656380115,1.19007066514611,-1.6385885172074337
2.0,0.1308693155798279,-0.820926336245534,0.522828367170296,1.0063783484923834,0.6596132764556599
2.0,-1.0404609904783146,-1.7945483761498182,-0.19426745775158907,1.2485379108990209,-0.2387780001019621
0.0,0.8223313051670008,-0.7670425947083803,0.685067938659906,-1.11854380124979,-0.08486011083456939
0.0,-0.5906528587632783,0.24002544365263218,1.9303016074552506,-1.5822791465282655,-0.49586652455396535
1.0,0.2557017569299779,0.4838101327575565,-1.061501326308138,-0.36722668346437287,-0.2887399998664525
1.0,-1.443399636122846,1.6053494533008401,-0.5431456014301721,-0.8808953826983488,-1.7411149027283388
0.0,-0.5016398760776087,-1.2822509124986106,0.400450739921016,1.1505343442946854,0.003703963099602281
2.0,-1.7425590356839562,0.860981445285901,0.3823246842704446,-1.7797167515186967,-0.18459658218724306
1.0,-0.5534269035562202,-0.7865039371378096,-1.2428236474182766,1.3460826728266257,-0.8522122639933674
1.0,-0.3768572517669808,-0.46263306748249117,0.3010996627569113,1.1574122902455422,0.3155550181024112
2.0,0.4456405138780505,0.5924914793337843,0.6268362744675778,-0.5329182521745965,-0.8611898125806874
1.0,-0.5421919529583596,1.3589925660237017,0.36893474390082676,0.9751451313048284,3.71698232446952
0.0,0.2348105324225895,0.921116506076094,-0.8094730172890816,-0.1893682394974897,-0.905907267979352
1.0,0.10416521377589148,1.007537770127485,-0.126966986601795,-0.1991846465051646,-1.2732957491036878
2.0,-0.21536070508288377,-0.46496058418648606,-0.8438041726278038,-0.4402708896819715,-0.07525021665995574
1.0,-0.16683949862751674,0.3829722456523605,-0.9741476961714849,-1.201910220673517,1.1154141688383215
0.0,-1.4066462737696745,-2.5039286035815413,0.38500855936664674,2.00543115502125,0.1386512293855206
2.0,0.12312729873837298,-0.30635594231179963,-0.6719624707441251,-0.01943109601364767,-0.7389770409038372
2.0,-0.5155609244224606,-2.1923942376501993,0.829532450459727,-1.694230561334918,1.0253881253324146
0.0,-1.9017138873705224,-0.42993820936182475,2.0356303574203003,-0.4998676797528862,-0.1580939068774139
0.0,-2.010233805496185,-0.7855815055857602,-1.919849881674741,1.4697448234604493,-0.63585616179498
2.0,0.4273062389184155,-1.3267794119238636,0.15758572426377418,-1.3226023306356256,2.3068578151366466
1.0,1.1069431197862414,0.1404008653412828,0.32159114899832025,0.05651905984637913,-0.4878059558948007
1.0,1.6068773493113069,0.3663279570031845,0.7383581284028945,-0.022852082770161635,-0.29794409787323817
1.0,-1.2237567546972299,-0.6569676352132297,1.0057244048287832,-1.1518612295292943,-0.6862459005939373
2.0,0.7504544377110425,1.6788957292980367,0.25166121942780306,0.7045224771574682,0.2971999371984753
0.0,0.8967448572380919,-0.2275791175562117,1.160672044329081,-0.9372948319744793,-0.25507848874958355
0.0,-0.6437383599565317,-0.06297932932400829,1.766098529403858,-1.4538109810687112,-0.23409193879134324
0.0,-0.2263095411761882,0.003201372610279818,1.9249920002946166,1.0182381083901457,-1.25234339168272
0.0,0.7143650888534292,-0.13910110874586593,-0.28998868312147486,0.28040160568495454,-0.756114732562699
0.0,-0.8902513170969949,-1.7105290449133623,0.5607069217337312,-0.7560622570540676,3.149317407292779
1.0,0.582408886015271,-0.004865442624477507,-0.16075951934074553,-0.588439085903064,-0.5317145713954582
0.0,0.3570844250277669,0.3525158176863884,0.6764395967549554,0.7056970269872143,-1.1478636121775738
2.0,-0.15141191544672633,-1.1528838733750209,-0.20436144986387325,0.6526237032663144,0.890401926961433
0.0,0.434370000656127,1.3266283708968658,1.290481885509698,-0.7146127998371554,-1.2179992760172855
2.0,1.1514684883723094,-0.9556148989178653,1.076936798936988,0.23939185345094754,-0.24567116386520196
0.0,0.6396013090889939,0.07052669678745378,-0.976603729033708,0.6431220500322028,-0.6876315633824538
2.0,0.2171517307488578,-0.02306207401389868,-0.8094839714787907,0.5565315806468722,-0.2976990446683881
0.0,-0.42342306477107255,0.571271956898831,1.1245757265913168,-0.2101988562907098,-1.4029961233234747
1.0,-0.09951363156506386,-0.9395140629413836,-1.0241793607781111,0.3723391373052868,-0.08955122725616688
2.0,1.1970585384920562,-0.12705422798284086,-0.030021016892973,1.4645246430219685,-1.2059998827040823
1.0,1.022845320576668,1.4282705475743724,0.0403458495034561,0.6395963496553283,1.4871309828033692
2.0,0.538654383784555,-1.0108249607236,-0.9983933185133796,-1.03218224277499,0.15129811981307154
0.0,0.5039649588511361,0.8611993063627343,1.4942286647603678,-2.460874936959182,-0.4380962671215793
0.0,-1.2619425344336541,0.2506289306920451,0.06073004678087848,-0.23451712800294391,-1.3511564192898708
0.0,0.6329756309076213,0.15275864501766165,-0.05157548892643479,-1.2277865638149161,0.8227076582335868
1.0,-0.7601765063588676,-1.9412015027779888,-2.8060537611778775,-0.9896578484199762,2.040611001397416
2.0,-0.9163114026483204,0.1601889954207873,2.161764020060443,2.749669055387836,-1.4127996459895569
2.0,0.32743893104652655,-0.7746813180514143,-0.20815264885071003,-0.5443935046836453,-0.010694136973823123
2.0,-0.9884891070756145,0.8775993758763567,1.9136431332442012,3.1461316900860523,-1.4656990001365338
2.0,0.9424124972656344,0.7577987591727412,-1.51723154155221,-0.15903256281495975,-0.2071436973556444
1.0,0.9344295723383502,0.15008829769419316,-0.35649019125221315,-0.3575284384849728,-0.5051858390329357
1.0,1.409256171358911,-1.0765585816310987,0.5789842958939992,0.07759218039217412,0.5783452155499074
1.0,0.5388635605523449,-0.5303345604260874,1.2801916919288496,-0.3439523694548048,0.30471988764009433
2.0,0.32422277927363313,1.214069639864566,0.6837912608432621,-0.5549536022656841,-0.6353849022320088
2.0,-0.7184281001742377,-0.6943813155891454,-0.47347138763862523,0.15070431638139242,-0.12583971938079178
