2.0,-0.47420301141034166,2.225110377833163,-0.0004019939188005404,-0.6754600846836595,1.7994042526779885
0.0,0.21287314969341,-0.4890044005540685,-0.3692441233412913,0.6684931811313602,-0.5002825249979191
1.0,-0.5244525018345636,-0.3205274338789963,-0.03288784631074067,0.4293312673497808,0.30300694303959036
0.0,0.3667291283824354,-0.11588814518525305,1.1534810004931257,0.5506561162922881,-0.7671171849023998
2.0,-1.7467232287114367,0.8201521779154857,2.322344372122691,-1.3418871729854733,-0.12916344950944442
2.0,-1.2675766954483478,-1.548996025976754,0.6207811655542071,-1.110739310067622,-0.33047894787755067
2.0,-1.204334013412182,0.4191548891090676,0.6120708499411632,-0.8633119989663226,-0.20743504317994607
1.0,0.5528995227673902,0.6765405209711159,-0.676100930378837,-0.6899609282064477,-0.7642223468868398
1.0,0.7452504337301401,0.413012193688184,-0.8569931959801904,-1.2244524338489071,-0.07868360737507624
0.0,0.2170860393224233,0.009768519309286301,0.7965311490545981,0.5087060592231183,0.7739577488908506
1.0,0.7110515793507937,1.109518572848387,-0.8597734330001116,-0.41513917353987057,1.423040626750943
0.0,-0.7644063100738423,0.4760183028837328,0.06771571946409123,0.11562470114030755,-1.8545174577822885
0.0,1.1377068619886674,0.022318833440106704,-0.4769575374724329,1.4056672671880528,-0.021930477771026777
1.0,0.9511569243207267,-0.4582463242261313,0.8476868862255941,-0.2284821016163368,0.6163919358434927
1.0,-0.4120878504635974,-1.0976009172276207,0.0514123610123294,0.8612515407192775,0.06251534597522734
1.0,0.6337235426769234,0.5434109213031061,0.5500687561169247,1.190989544495044,2.3283191858314645
0.0,-0.16364992648968435,1.3564461282737654,-1.4506009084199634,-1.1286495821543534,-1.0378202136990609
2.0,0.7061680119906032,-0.3181933139843874,-1.1562322518347867,-0.48774042567197273,0.7941514515169955
1.0,-0.0630889103931956,-0.6325465058094831,-1.0187239923324412,0.8698409154768547,-0.3840062783048785
2.0,1.0856353462753683,-0.00280474362109196,-0.6487518872186148,0.002838450145471293,-0.19990182841304574
0.0,0.6607452388995388,-0.459400111526937,0.6981921511229462,-0.6824965927072911,-0.7779932927619904
0.0,-0.673334709021674,-0.026280622016569957,1.2282074332485404,-0.4968439271599831,-0.5600405523532059
1.0,0.2257548652672581,-2.2779873221137663,0.9123739259501914,-0.5024026672250226,0.03709651002184626
2.0,-0.10468481473899154,1.9681643176049393,-1.5475783155973604,1.0109962853032977,-1.752171213998091
1.0,-0.37044888599645925,0.07573397719004217,0.03616906054192417,0.3598019835562458,-0.898620538172901
2.0,0.7986231603436377,0.06081951982754421,-0.2732217590038044,0.7928091716952127,-0.5866436027570539
0.0,0.9273803058894992,-2.014226768245028,0.4920426244043659,-0.8305973490256148,0.47780466435912233
2.0,0.9489976190232571,-0.18297117593403353,-0.2201920084373894,-0.7383798637790587,-0.7385428220688325
1.0,-0.6526838217715081,-0.6307038917108075,0.8668194047656533,-0.7057487441009536,-0.010613824567588718
2.0,-2.5872250031191433,-0.45221966080659975,0.49286509847638066,-1.0439650902592286,-0.800714903114499
1.0,-0.2019300668399223,-1.2572123929815142,0.048209420501021887,-0.5910498747970439,0.11102697003542793
0.0,0.7620970775252952,1.0164063642633827,-0.7623905395791026,-0.20909121073866113,0.37247914061467735
0.0,-0.47780866211115325,-0.9993201935465068,2.06368822015709,0.8440552956848912,-1.2578801127784294
0.0,0.18406722307899764,-0.9154418909293912,0.15332414758728974,-0.20286049181565374,1.3835532961311605
1.0,-0.7646139689335545,1.5139842950165827,-1.6143273817196258,-0.12183725215036134,-0.9807776293366681
2.0,0.4790005728407182,0.8089158430423463,-0.337271792372162,-0.7479548799192746,-0.03407985325252849
1.0,1.4252629493236366,-0.9757579926979719,-0.09271582685427399,-0.46982900271308253,0.07811061183467712
0.0,0.6298372298979769,-0.2773993387597028,-0.695863972422356,0.13214864131794904,-0.5442668882808167
1.0,-1.1990185589239335,-0.7378371261058483,-0.016866017596512278,-0.8656453009236625,-0.44899407555588383
1.0,-0.7162564359439897,-3.3806263633007365,-0.8574251053514514,-1.1316753056164992,1.6432659751134735
2.0,0.5211491384154135,-0.7567370694382445,0.4836911343242428,-1.2384797712192397,0.06050675086126051
0.0,1.9202264112466212,-1.1680259233155141,0.670178098295229,0.01634493906541206,1.6759997118798426
0.0,0.2539174046493955,-0.32310221940824796,-0.05309329960833101,-0.8032971439674809,-0.41126578995230023
1.0,-0.5005356641686111,-0.8622763645262678,-1.4446165242104092,-0.1001835400064359,-0.14644538393397188
2.0,-0.08352287982781961,-0.7235896071294737,-0.22027211694403573,2.1222597208852885,-0.15009737349640512
0.0,1.7846301414077435,0.6022981993867057,-0.8359799323167979,-0.37271501947841684,-0.18833023378808217
1.0,1.0282937377826271,-0.2170229429835221,0.08355390471453059,-0.8509898908052048,0.08674140726615173
2.0,-0.8388874474789645,0.452995892419941,0.6034244833821631,-0.201468947934921,-1.323252615374337
0.0,-1.0349748966558732,-0.03317205401854337,2.106083257986244,0.17184884553637889,-0.023083347928976063
1.0,-0.22397131145971558,0.8853091904852193,1.88313248504018,0.0003039423171210287,-2.103038851304587
1.0,0.18681619003248517,-1.194093330570497,0.5276290642922411,-0.10684446649177619,0.2662446497602248
0.0,-0.646996123560099,-0.9963936298208543,-0.5120578561221864,-1.5946472634394984,1.6275793259834446
2.0,-0.1019965088817827,1.2673034995208918,-0.2946106551394001,-0.2913814105117844,0.1253349308982401
2.0,-0.2923670192179049,0.5987699437003826,-0.3515014262217061,-0.15388751876127912,0.09522173546392522
1.0,-0.06273140092660176,-0.5419207675974917,-0.19039340429080112,2.359417921319477,-0.14523712730413657
2.0,0.3425641922820296,-0.42297491719098557,-1.7453417162368423,-0.759022006126813,0.5062113114955914
1.0,0.8332688554664147,0.13531626722364373,-0.4424468438291979,-0.11202500869243007,-0.9713087046886759
0.0,1.5023312487647287,-1.029783131699833,0.5571445588372768,1.269095003802226,0.1785401348196208
2.0,0.4558779329863911,0.273506421525541,0.7060615395364134,3.335167509764471,-1.7792642705569313
1.0,-0.7315568530886815,0.11400641232501176,-0.8979924243183528,-1.6842041771641254,-0.08329893034748723
0.0,-0.4564861534720232,0.5402028684964487,0.05276184222249535,-0.4102833138438059,0.5242972635466366
0.0,0.1439372125278999,0.5419168095573726,0.6917371613576515,1.7085871370100427,-0.15968088225404714
0.0,1.6087441269057645,-0.3639913682853484,0.5980818494439736,-1.13540088858109,0.11594266770877422
0.0,-0.022308366907499374,0.675628810116617,1.5531867666074448,0.12626756458048768,-1.3067658299320268
2.0,0.12508501597687674,1.0750036497088131,0.3462058607524802,-0.03590532710148524,-0.43202227331676407
2.0,-0.22044770366053248,0.0797234316005108,-1.029971752544641,1.356593538632487,-0.7908671417093167
2.0,-0.42848553781401033,-0.7531936840075351,1.18419025990421,-0.7062364776912926,1.4090066687134837
0.0,-0.4352135110820804,-0.46799044919285016,2.3521367381256053,-1.7481704767009216,0.05921803943314159
1.0,0.2081128863685921,1.048920403822409,-0.766648833436424,1.056858748815737,-0.8553856441958729
2.0,-0.963795404020946,1.990985462877635,0.9101222837544477,-0.6684384059937704,-0.7793267076090947
2.0,-0.3907691878481746,0.011342709660179254,-0.7722077144849311,0.3166817957765106,4.429429772990829
2.0,-1.5484277695120412,-0.40684503011192147,-0.21811544486122364,0.5926636129111809,-0.32312619812461757
